Running in Lattice mode

                               Synplify Pro (R) 

                Version R-2021.03L-SP1 for win64 - Aug 10, 2021 

                    Copyright (c) 1988 - 2021 Synopsys, Inc.
   This software and the associated documentation are proprietary to Synopsys,
 Inc. This software may only be used in accordance with the terms and conditions
 of a written license agreement with Synopsys, Inc. All other use, reproduction,
            or distribution of this software is strictly prohibited.

Starting:    C:\lscc\diamond\3.12\synpbase\bin64\mbin\synbatch.exe
Install:     C:\lscc\diamond\3.12\synpbase
Hostname:    MSI
Date:        Sat Mar  2 15:36:12 2024
Version:     R-2021.03L-SP1

Arguments:   -product synplify_pro -batch Demitri_Demo2_impl1_synplify.tcl
ProductType: synplify_pro




log file: "D:\MyStuff\Projects\Forth_Processor2-Lattice - dg\Diamond\Demitri Demo\impl1\Demitri_Demo2_impl1.srr"
Running: impl1 in foreground

Running proj_1|impl1

Running Flow: compile (Compile) on proj_1|impl1
# Sat Mar  2 15:36:13 2024

Running Flow: compile_flow (Compile Process) on proj_1|impl1
# Sat Mar  2 15:36:13 2024

Running: compiler (Compile Input) on proj_1|impl1
# Sat Mar  2 15:36:13 2024
Copied D:\MyStuff\Projects\Forth_Processor2-Lattice - dg\Diamond\Demitri Demo\impl1\synwork\Demitri_Demo2_impl1_comp.srs to D:\MyStuff\Projects\Forth_Processor2-Lattice - dg\Diamond\Demitri Demo\impl1\Demitri_Demo2_impl1.srs

compiler completed
# Sat Mar  2 15:36:27 2024

Return Code: 0
Run Time:00h:00m:14s

Running: multi_srs_gen (Multi-srs Generator) on proj_1|impl1
# Sat Mar  2 15:36:27 2024

multi_srs_gen completed
# Sat Mar  2 15:36:27 2024

Return Code: 0
Run Time:00h:00m:00s
Copied D:\MyStuff\Projects\Forth_Processor2-Lattice - dg\Diamond\Demitri Demo\impl1\synwork\Demitri_Demo2_impl1_mult.srs to D:\MyStuff\Projects\Forth_Processor2-Lattice - dg\Diamond\Demitri Demo\impl1\Demitri_Demo2_impl1.srs
Copied D:\MyStuff\Projects\Forth_Processor2-Lattice - dg\Diamond\Demitri Demo\impl1\Demitri_Demo2_impl1.srr to D:\MyStuff\Projects\Forth_Processor2-Lattice - dg\Diamond\Demitri Demo\impl1\Demitri_Demo2_impl1.srf
Complete: Compile Process on proj_1|impl1

Running: premap (Premap) on proj_1|impl1
# Sat Mar  2 15:36:27 2024

premap completed with warnings
# Sat Mar  2 15:36:29 2024

Return Code: 1
Run Time:00h:00m:02s
Complete: Compile on proj_1|impl1

Running Flow: map (Map) on proj_1|impl1
# Sat Mar  2 15:36:29 2024
License granted for 4 parallel jobs

Running: fpga_mapper (Map & Optimize) on proj_1|impl1
# Sat Mar  2 15:36:29 2024
Copied D:\MyStuff\Projects\Forth_Processor2-Lattice - dg\Diamond\Demitri Demo\impl1\synwork\Demitri_Demo2_impl1_m.srm to D:\MyStuff\Projects\Forth_Processor2-Lattice - dg\Diamond\Demitri Demo\impl1\Demitri_Demo2_impl1.srm

fpga_mapper completed with warnings
# Sat Mar  2 15:37:24 2024

Return Code: 1
Run Time:00h:00m:55s
Complete: Map on proj_1|impl1
Copied D:\MyStuff\Projects\Forth_Processor2-Lattice - dg\Diamond\Demitri Demo\impl1\Demitri_Demo2_impl1.srr to D:\MyStuff\Projects\Forth_Processor2-Lattice - dg\Diamond\Demitri Demo\impl1\Demitri_Demo2_impl1.srf
Complete: Logic Synthesis on proj_1|impl1
TCL script complete: "Demitri_Demo2_impl1_synplify.tcl"
exit status=0
exit status=0
Save changes for project:
D:\MyStuff\Projects\Forth_Processor2-Lattice - dg\Diamond\Demitri Demo\impl1\proj_1.prj
batch mode default:no
